<?xml version='1.0' encoding='UTF-8'?>
<testsuite hostname="Srirams-MacBook-Pro.local" name="ReceiptProcessingServiceTest" tests="10" errors="0" failures="0" skipped="0" time="0.01" timestamp="2023-07-11T22:10:06">
          <properties>
[...]
</properties>
          <testcase classname="ReceiptProcessingServiceTest" name="testPoints1" time="0.001">
                      
                    </testcase><testcase classname="ReceiptProcessingServiceTest" name="testPoints2" time="0.001">
                      
                    </testcase><testcase classname="ReceiptProcessingServiceTest" name="testPoints3" time="0.001">
                      
                    </testcase><testcase classname="ReceiptProcessingServiceTest" name="testPoints4" time="0.001">
                      
                    </testcase><testcase classname="ReceiptProcessingServiceTest" name="testPoints5" time="0.0">
                      
                    </testcase><testcase classname="ReceiptProcessingServiceTest" name="testProcessingReceipt" time="0.002">
                      
                    </testcase><testcase classname="ReceiptProcessingServiceTest" name="testProcessingReceipt2" time="0.001">
                      
                    </testcase><testcase classname="ReceiptProcessingServiceTest" name="testProcessingReceipt3" time="0.001">
                      
                    </testcase><testcase classname="ReceiptProcessingServiceTest" name="testProcessingReceipt4" time="0.001">
                      
                    </testcase><testcase classname="ReceiptProcessingServiceTest" name="testProcessingReceipt5" time="0.001">
                      
                    </testcase>
          <system-out><![CDATA[]]></system-out>
          <system-err><![CDATA[]]></system-err>
        </testsuite>