<?xml version='1.0' encoding='UTF-8'?>
<testsuite hostname="Srirams-MacBook-Pro.local" name="ReceiptWebServiceTest" tests="10" errors="0" failures="0" skipped="0" time="2.974" timestamp="2023-07-11T22:10:06">
          <properties>
[...]
</properties>
          <testcase classname="ReceiptWebServiceTest" name="processReceiptTest" time="2.195">
                      
                    </testcase><testcase classname="ReceiptWebServiceTest" name="getPointsTest2" time="0.097">
                      
                    </testcase><testcase classname="ReceiptWebServiceTest" name="getPointsTest3" time="0.086">
                      
                    </testcase><testcase classname="ReceiptWebServiceTest" name="getPointsTest4" time="0.091">
                      
                    </testcase><testcase classname="ReceiptWebServiceTest" name="getPointsTest5" time="0.075">
                      
                    </testcase><testcase classname="ReceiptWebServiceTest" name="getPointsTest" time="0.063">
                      
                    </testcase><testcase classname="ReceiptWebServiceTest" name="processReceiptTest2" time="0.062">
                      
                    </testcase><testcase classname="ReceiptWebServiceTest" name="processReceiptTest3" time="0.131">
                      
                    </testcase><testcase classname="ReceiptWebServiceTest" name="processReceiptTest4" time="0.105">
                      
                    </testcase><testcase classname="ReceiptWebServiceTest" name="processReceiptTest5" time="0.069">
                      
                    </testcase>
          <system-out><![CDATA[]]></system-out>
          <system-err><![CDATA[]]></system-err>
        </testsuite>